<?xml version="1.0" encoding="UTF-8"?>
<testng-results skipped="0" failed="0" total="1" passed="1">
  <reporter-output>
  </reporter-output>
  <suite name="Default suite" duration-ms="13866" started-at="2020-05-07T21:58:00Z" finished-at="2020-05-07T21:58:14Z">
    <groups>
    </groups>
    <test name="Default test" duration-ms="13866" started-at="2020-05-07T21:58:00Z" finished-at="2020-05-07T21:58:14Z">
      <class name="src.com.test.VerifyElementIsSearchedWithMatchCase">
        <test-method status="PASS" signature="driverLaunch()[pri:0, instance:src.com.test.VerifyElementIsSearchedWithMatchCase@279ad2e3]" name="driverLaunch" is-config="true" duration-ms="3786" started-at="2020-05-08T03:28:00Z" finished-at="2020-05-08T03:28:04Z">
          <reporter-output>
          </reporter-output>
        </test-method> <!-- driverLaunch -->
        <test-method status="PASS" signature="searchElementTest()[pri:1, instance:src.com.test.VerifyElementIsSearchedWithMatchCase@279ad2e3]" name="searchElementTest" duration-ms="9418" started-at="2020-05-08T03:28:04Z" finished-at="2020-05-08T03:28:13Z">
          <reporter-output>
          </reporter-output>
        </test-method> <!-- searchElementTest -->
        <test-method status="PASS" signature="closeBrowser()[pri:0, instance:src.com.test.VerifyElementIsSearchedWithMatchCase@279ad2e3]" name="closeBrowser" is-config="true" duration-ms="648" started-at="2020-05-08T03:28:13Z" finished-at="2020-05-08T03:28:14Z">
          <reporter-output>
          </reporter-output>
        </test-method> <!-- closeBrowser -->
      </class> <!-- src.com.test.VerifyElementIsSearchedWithMatchCase -->
    </test> <!-- Default test -->
  </suite> <!-- Default suite -->
</testng-results>
